<?xml version="1.0" encoding="UTF-8"?>
<!-- Generated by org.testng.reporters.JUnitXMLReporter -->
<testsuite ignored="0" hostname="fspratik-ThinkPad-L480" failures="0" tests="3" name="Default test" time="13.476" errors="0" timestamp="2024-01-17T12:44:06 IST">
  <testcase classname="com.qa.tests.Employee" name="Validate_url" time="12.809"/>
  <testcase classname="com.qa.tests.Employee" name="launch" time="0.066"/>
  <testcase classname="com.qa.tests.Employee" name="user_name" time="0.55"/>
</testsuite> <!-- Default test -->
