<?xml version="1.0" encoding="UTF-8"?>
<!-- Generated by org.testng.reporters.JUnitXMLReporter -->
<testsuite ignored="0" hostname="fspratik-ThinkPad-L480" failures="0" tests="4" name="Default test" time="3.209" errors="0" timestamp="2024-01-11T12:17:03 IST">
  <testcase classname="com.qa.tests.Employee" name="div" time="0.009"/>
  <testcase classname="com.qa.tests.Employee" name="mul" time="0.002"/>
  <testcase classname="com.qa.tests.Employee" name="sub" time="0.002"/>
  <testcase classname="com.qa.tests.Employee" name="sum" time="0.001"/>
</testsuite> <!-- Default test -->
