<?xml version="1.0" encoding="UTF-8"?>
<!-- Generated by org.testng.reporters.JUnitXMLReporter -->
<testsuite ignored="0" hostname="fspratik-ThinkPad-L480" failures="1" tests="4" name="Test" time="3.127" errors="0" timestamp="2024-01-11T12:46:25 IST">
  <testcase classname="com.qa.tests.Employee" name="div" time="0.005"/>
  <testcase classname="com.qa.tests.Employee" name="mul" time="0.0"/>
  <testcase classname="com.qa.tests.Employee" name="sub" time="0.0"/>
  <testcase classname="com.qa.tests.Employee" name="sum" time="0.011">
    <failure type="java.lang.AssertionError" message="expected:&amp;lt;3&amp;gt; but was:&amp;lt;30&amp;gt;">
      <![CDATA[java.lang.AssertionError: expected:<3> but was:<30>
at com.qa.tests.Employee.sum(Employee.java:34)
at java.base/java.util.ArrayList.forEach(ArrayList.java:1541)
... Removed 36 stack frames]]>
    </failure>
  </testcase> <!-- sum -->
</testsuite> <!-- Test -->
