<?xml version="1.0" encoding="UTF-8"?>
<testng-results ignored="0" total="2" passed="2" failed="0" skipped="0">
  <reporter-output>
  </reporter-output>
  <suite started-at="2024-01-15T17:20:32 IST" name="Suite" finished-at="2024-01-15T17:20:35 IST" duration-ms="2906">
    <groups>
    </groups>
    <test started-at="2024-01-15T17:20:32 IST" name="Test" finished-at="2024-01-15T17:20:35 IST" duration-ms="2906">
      <class name="com.qa.tests.Employee">
        <test-method is-config="true" signature="Validate_url()[pri:0, instance:com.qa.tests.Employee@60bd273d]" started-at="2024-01-15T17:20:32 IST" name="Validate_url" finished-at="2024-01-15T17:20:34 IST" duration-ms="2337" status="PASS">
          <reporter-output>
          </reporter-output>
        </test-method> <!-- Validate_url -->
        <test-method signature="launch()[pri:0, instance:com.qa.tests.Employee@60bd273d]" started-at="2024-01-15T17:20:35 IST" name="launch" finished-at="2024-01-15T17:20:35 IST" duration-ms="125" status="PASS">
          <reporter-output>
          </reporter-output>
        </test-method> <!-- launch -->
        <test-method signature="user_name()[pri:0, instance:com.qa.tests.Employee@60bd273d]" started-at="2024-01-15T17:20:35 IST" name="user_name" finished-at="2024-01-15T17:20:35 IST" duration-ms="402" status="PASS">
          <reporter-output>
          </reporter-output>
        </test-method> <!-- user_name -->
      </class> <!-- com.qa.tests.Employee -->
    </test> <!-- Test -->
  </suite> <!-- Suite -->
</testng-results>
