<?xml version="1.0" encoding="UTF-8"?>
<testng-results ignored="0" total="4" passed="4" failed="0" skipped="0">
  <reporter-output>
  </reporter-output>
  <suite started-at="2024-01-11T12:23:11 IST" name="Suite" finished-at="2024-01-11T12:23:14 IST" duration-ms="3388">
    <groups>
    </groups>
    <test started-at="2024-01-11T12:23:11 IST" name="Test" finished-at="2024-01-11T12:23:14 IST" duration-ms="3388">
      <class name="com.qa.tests.Employee">
        <test-method is-config="true" signature="Validate_url()[pri:0, instance:com.qa.tests.Employee@18271936]" started-at="2024-01-11T12:23:11 IST" name="Validate_url" finished-at="2024-01-11T12:23:14 IST" duration-ms="3333" status="PASS">
          <reporter-output>
          </reporter-output>
        </test-method> <!-- Validate_url -->
        <test-method signature="div()[pri:0, instance:com.qa.tests.Employee@18271936]" started-at="2024-01-11T12:23:14 IST" name="div" finished-at="2024-01-11T12:23:14 IST" duration-ms="3" status="PASS">
          <reporter-output>
          </reporter-output>
        </test-method> <!-- div -->
        <test-method signature="mul()[pri:0, instance:com.qa.tests.Employee@18271936]" started-at="2024-01-11T12:23:14 IST" name="mul" finished-at="2024-01-11T12:23:14 IST" duration-ms="0" status="PASS">
          <reporter-output>
          </reporter-output>
        </test-method> <!-- mul -->
        <test-method signature="sub()[pri:0, instance:com.qa.tests.Employee@18271936]" started-at="2024-01-11T12:23:14 IST" name="sub" finished-at="2024-01-11T12:23:14 IST" duration-ms="0" status="PASS">
          <reporter-output>
          </reporter-output>
        </test-method> <!-- sub -->
        <test-method signature="sum()[pri:0, instance:com.qa.tests.Employee@18271936]" started-at="2024-01-11T12:23:14 IST" name="sum" finished-at="2024-01-11T12:23:14 IST" duration-ms="0" status="PASS">
          <reporter-output>
          </reporter-output>
        </test-method> <!-- sum -->
      </class> <!-- com.qa.tests.Employee -->
    </test> <!-- Test -->
  </suite> <!-- Suite -->
</testng-results>
