-------------------------------------------------------------------------------
Test set: TestSuite
-------------------------------------------------------------------------------
Tests run: 4, Failures: 1, Errors: 0, Skipped: 0, Time elapsed: 3.858 s <<< FAILURE! - in TestSuite
com.qa.tests.Employee.sum  Time elapsed: 0.018 s  <<< FAILURE!
java.lang.AssertionError: expected:<3> but was:<30>
	at com.qa.tests.Employee.sum(Employee.java:34)

