<?xml version="1.0" encoding="UTF-8"?>
<testng-results ignored="0" total="2" passed="2" failed="0" skipped="0">
  <reporter-output>
  </reporter-output>
  <suite started-at="2024-01-12T16:51:46 IST" name="Default suite" finished-at="2024-01-12T16:51:48 IST" duration-ms="2616">
    <groups>
    </groups>
    <test started-at="2024-01-12T16:51:46 IST" name="Default test" finished-at="2024-01-12T16:51:48 IST" duration-ms="2616">
      <class name="com.qa.tests.Employee">
        <test-method is-config="true" signature="Validate_url()[pri:0, instance:com.qa.tests.Employee@14dd7b39]" started-at="2024-01-12T16:51:46 IST" name="Validate_url" finished-at="2024-01-12T16:51:48 IST" duration-ms="2045" status="PASS">
          <reporter-output>
          </reporter-output>
        </test-method> <!-- Validate_url -->
        <test-method signature="launch()[pri:0, instance:com.qa.tests.Employee@14dd7b39]" started-at="2024-01-12T16:51:48 IST" name="launch" finished-at="2024-01-12T16:51:48 IST" duration-ms="83" status="PASS">
          <reporter-output>
          </reporter-output>
        </test-method> <!-- launch -->
        <test-method signature="user_name()[pri:0, instance:com.qa.tests.Employee@14dd7b39]" started-at="2024-01-12T16:51:48 IST" name="user_name" finished-at="2024-01-12T16:51:48 IST" duration-ms="397" status="PASS">
          <reporter-output>
          </reporter-output>
        </test-method> <!-- user_name -->
      </class> <!-- com.qa.tests.Employee -->
    </test> <!-- Default test -->
  </suite> <!-- Default suite -->
</testng-results>
