<?xml version="1.0" encoding="UTF-8"?>
<testng-results ignored="0" total="4" passed="4" failed="0" skipped="0">
  <reporter-output>
  </reporter-output>
  <suite started-at="2024-01-11T10:21:08 IST" name="Default suite" finished-at="2024-01-11T10:21:15 IST" duration-ms="7164">
    <groups>
    </groups>
    <test started-at="2024-01-11T10:21:08 IST" name="Default test" finished-at="2024-01-11T10:21:15 IST" duration-ms="7164">
      <class name="com.qa.tests.Employee">
        <test-method is-config="true" signature="Validate_url()[pri:0, instance:com.qa.tests.Employee@14dd7b39]" started-at="2024-01-11T10:21:08 IST" name="Validate_url" finished-at="2024-01-11T10:21:15 IST" duration-ms="7095" status="PASS">
          <reporter-output>
          </reporter-output>
        </test-method> <!-- Validate_url -->
        <test-method signature="div()[pri:0, instance:com.qa.tests.Employee@14dd7b39]" started-at="2024-01-11T10:21:15 IST" name="div" finished-at="2024-01-11T10:21:15 IST" duration-ms="8" status="PASS">
          <reporter-output>
          </reporter-output>
        </test-method> <!-- div -->
        <test-method signature="mul()[pri:0, instance:com.qa.tests.Employee@14dd7b39]" started-at="2024-01-11T10:21:15 IST" name="mul" finished-at="2024-01-11T10:21:15 IST" duration-ms="2" status="PASS">
          <reporter-output>
          </reporter-output>
        </test-method> <!-- mul -->
        <test-method signature="sub()[pri:0, instance:com.qa.tests.Employee@14dd7b39]" started-at="2024-01-11T10:21:15 IST" name="sub" finished-at="2024-01-11T10:21:15 IST" duration-ms="1" status="PASS">
          <reporter-output>
          </reporter-output>
        </test-method> <!-- sub -->
        <test-method signature="sum()[pri:0, instance:com.qa.tests.Employee@14dd7b39]" started-at="2024-01-11T10:21:15 IST" name="sum" finished-at="2024-01-11T10:21:15 IST" duration-ms="1" status="PASS">
          <reporter-output>
          </reporter-output>
        </test-method> <!-- sum -->
      </class> <!-- com.qa.tests.Employee -->
    </test> <!-- Default test -->
  </suite> <!-- Default suite -->
</testng-results>
